<?xml version="1.0" encoding="UTF-8"?>
<testng-results skipped="0" failed="0" ignored="0" total="1" passed="1">
  <reporter-output>
  </reporter-output>
  <suite name="Default suite" duration-ms="82637" started-at="2022-03-11T14:39:49 IST" finished-at="2022-03-11T14:41:12 IST">
    <groups>
    </groups>
    <test name="Default test" duration-ms="82637" started-at="2022-03-11T14:39:49 IST" finished-at="2022-03-11T14:41:12 IST">
      <class name="AdminModule.Smatweb.testcrproject">
        <test-method status="PASS" signature="CreateProject()[pri:0, instance:AdminModule.Smatweb.testcrproject@5bfbf16f]" name="CreateProject" duration-ms="82588" started-at="2022-03-11T14:39:49 IST" finished-at="2022-03-11T14:41:12 IST">
          <reporter-output>
          </reporter-output>
        </test-method> <!-- CreateProject -->
      </class> <!-- AdminModule.Smatweb.testcrproject -->
    </test> <!-- Default test -->
  </suite> <!-- Default suite -->
</testng-results>
